  main.cpp
C:\Users\Kee\Works\Myprojects\RayTracing\Weekend1\aabb.h(20,43): warning C4244: '引数': 'double' から 'float' への変換です。データが失われる可能性があります。
C:\Users\Kee\Works\Myprojects\RayTracing\Weekend1\aabb.h(19,55): warning C4244: '引数': 'double' から 'float' への変換です。データが失われる可能性があります。
C:\Users\Kee\Works\Myprojects\RayTracing\Weekend1\aabb.h(22,43): warning C4244: '引数': 'double' から 'float' への変換です。データが失われる可能性があります。
C:\Users\Kee\Works\Myprojects\RayTracing\Weekend1\aabb.h(21,55): warning C4244: '引数': 'double' から 'float' への変換です。データが失われる可能性があります。
C:\Users\Kee\Works\Myprojects\RayTracing\Weekend1\aabb.h(23,31): warning C4244: '引数': 'double' から 'float' への変換です。データが失われる可能性があります。
C:\Users\Kee\Works\Myprojects\RayTracing\Weekend1\aabb.h(24,31): warning C4244: '引数': 'double' から 'float' への変換です。データが失われる可能性があります。
C:\Users\Kee\Works\Myprojects\RayTracing\Weekend1\aabb.h(36,50): warning C4244: '引数': 'double' から 'float' への変換です。データが失われる可能性があります。
C:\Users\Kee\Works\Myprojects\RayTracing\Weekend1\aabb.h(36,34): warning C4244: '引数': 'double' から 'float' への変換です。データが失われる可能性があります。
C:\Users\Kee\Works\Myprojects\RayTracing\Weekend1\aabb.h(37,43): warning C4244: '引数': 'double' から 'float' への変換です。データが失われる可能性があります。
C:\Users\Kee\Works\Myprojects\RayTracing\Weekend1\aabb.h(37,27): warning C4244: '引数': 'double' から 'float' への変換です。データが失われる可能性があります。
C:\Users\Kee\Works\Myprojects\RayTracing\Weekend1\aabb.h(38,43): warning C4244: '引数': 'double' から 'float' への変換です。データが失われる可能性があります。
C:\Users\Kee\Works\Myprojects\RayTracing\Weekend1\aabb.h(38,27): warning C4244: '引数': 'double' から 'float' への変換です。データが失われる可能性があります。
C:\Users\Kee\Works\Myprojects\RayTracing\Weekend1\aabb.h(39,48): warning C4244: '引数': 'double' から 'float' への変換です。データが失われる可能性があります。
C:\Users\Kee\Works\Myprojects\RayTracing\Weekend1\aabb.h(39,32): warning C4244: '引数': 'double' から 'float' への変換です。データが失われる可能性があります。
C:\Users\Kee\Works\Myprojects\RayTracing\Weekend1\aabb.h(40,43): warning C4244: '引数': 'double' から 'float' への変換です。データが失われる可能性があります。
C:\Users\Kee\Works\Myprojects\RayTracing\Weekend1\aabb.h(40,27): warning C4244: '引数': 'double' から 'float' への変換です。データが失われる可能性があります。
C:\Users\Kee\Works\Myprojects\RayTracing\Weekend1\aabb.h(41,43): warning C4244: '引数': 'double' から 'float' への変換です。データが失われる可能性があります。
C:\Users\Kee\Works\Myprojects\RayTracing\Weekend1\aabb.h(41,27): warning C4244: '引数': 'double' から 'float' への変換です。データが失われる可能性があります。
C:\Users\Kee\Works\Myprojects\RayTracing\Weekend1\perlin.h(31,17): warning C4244: '初期化中': 'double' から 'float' への変換です。データが失われる可能性があります。
C:\Users\Kee\Works\Myprojects\RayTracing\Weekend1\perlin.h(32,17): warning C4244: '初期化中': 'double' から 'float' への変換です。データが失われる可能性があります。
C:\Users\Kee\Works\Myprojects\RayTracing\Weekend1\perlin.h(33,17): warning C4244: '初期化中': 'double' から 'float' への変換です。データが失われる可能性があります。
C:\Users\Kee\Works\Myprojects\RayTracing\Weekend1\perlin.h(37,15): warning C4244: '初期化中': 'double' から 'int' への変換です。データが失われる可能性があります。
C:\Users\Kee\Works\Myprojects\RayTracing\Weekend1\perlin.h(38,15): warning C4244: '初期化中': 'double' から 'int' への変換です。データが失われる可能性があります。
C:\Users\Kee\Works\Myprojects\RayTracing\Weekend1\perlin.h(39,15): warning C4244: '初期化中': 'double' から 'int' への変換です。データが失われる可能性があります。
C:\Users\Kee\Works\Myprojects\RayTracing\Weekend1\perlin.h(74,31): warning C4244: '=': 'double' から 'float' への変換です。データが失われる可能性があります。
C:\Users\Kee\Works\Myprojects\RayTracing\Weekend1\texture.h(31,15): warning C4244: '初期化中': 'double' から 'float' への変換です。データが失われる可能性があります。
C:\Users\Kee\Works\Myprojects\RayTracing\Weekend1\texture.h(67,8): warning C4244: '初期化中': 'float' から 'int' への変換です。データが失われる可能性があります。
C:\Users\Kee\Works\Myprojects\RayTracing\Weekend1\texture.h(68,8): warning C4244: '初期化中': 'double' から 'int' への変換です。データが失われる可能性があります。
C:\Users\Kee\Works\Myprojects\RayTracing\Weekend1\texture.h(73,10): warning C4244: '初期化中': 'double' から 'float' への変換です。データが失われる可能性があります。
C:\Users\Kee\Works\Myprojects\RayTracing\Weekend1\texture.h(74,10): warning C4244: '初期化中': 'double' から 'float' への変換です。データが失われる可能性があります。
C:\Users\Kee\Works\Myprojects\RayTracing\Weekend1\texture.h(75,10): warning C4244: '初期化中': 'double' から 'float' への変換です。データが失われる可能性があります。
C:\Users\Kee\Works\Myprojects\RayTracing\Weekend1\material.h(30,14): warning C4244: '初期化中': 'double' から 'float' への変換です。データが失われる可能性があります。
C:\Users\Kee\Works\Myprojects\RayTracing\Weekend1\material.h(31,14): warning C4244: '初期化中': 'double' から 'float' への変換です。データが失われる可能性があります。
C:\Users\Kee\Works\Myprojects\RayTracing\Weekend1\material.h(33,15): warning C4244: '初期化中': 'double' から 'float' への変換です。データが失われる可能性があります。
C:\Users\Kee\Works\Myprojects\RayTracing\Weekend1\material.h(101,15): warning C4244: '初期化中': 'double' から 'float' への変換です。データが失われる可能性があります。
C:\Users\Kee\Works\Myprojects\RayTracing\Weekend1\material.h(102,17): warning C4244: '初期化中': 'double' から 'float' への変換です。データが失われる可能性があります。
C:\Users\Kee\Works\Myprojects\RayTracing\Weekend1\material.h(103,11): warning C4244: '=': 'double' から 'float' への変換です。データが失われる可能性があります。
C:\Users\Kee\Works\Myprojects\RayTracing\Weekend1\material.h(104,36): warning C4244: '=': 'double' から 'float' への変換です。データが失われる可能性があります。
C:\Users\Kee\Works\Myprojects\RayTracing\Weekend1\material.h(112,22): warning C4244: '初期化中': 'double' から 'float' への変換です。データが失われる可能性があります。
C:\Users\Kee\Works\Myprojects\RayTracing\Weekend1\material.h(114,23): warning C4244: 'return': 'double' から 'float' への変換です。データが失われる可能性があります。
C:\Users\Kee\Works\Myprojects\RayTracing\Weekend1\material.h(139,1): warning C4305: '=': 'double' から 'float' へ切り詰めます。
C:\Users\Kee\Works\Myprojects\RayTracing\Weekend1\material.h(140,51): warning C4244: '=': 'double' から 'float' への変換です。データが失われる可能性があります。
C:\Users\Kee\Works\Myprojects\RayTracing\Weekend1\pdf.h(62,22): warning C4244: '初期化中': 'double' から 'float' への変換です。データが失われる可能性があります。
C:\Users\Kee\Works\Myprojects\RayTracing\Weekend1\pdf.h(64,24): warning C4244: 'return': 'double' から 'float' への変換です。データが失われる可能性があります。
C:\Users\Kee\Works\Myprojects\RayTracing\Weekend1\pdf.h(105,45): warning C4244: 'return': 'double' から 'float' への変換です。データが失われる可能性があります。
C:\Users\Kee\Works\Myprojects\RayTracing\Weekend1\rectangle.h(54,24): warning C4244: '初期化中': 'double' から 'float' への変換です。データが失われる可能性があります。
C:\Users\Kee\Works\Myprojects\RayTracing\Weekend1\rectangle.h(55,36): warning C4244: '初期化中': 'double' から 'float' への変換です。データが失われる可能性があります。
C:\Users\Kee\Works\Myprojects\RayTracing\Weekend1\rectangle.h(56,26): warning C4244: '初期化中': 'double' から 'float' への変換です。データが失われる可能性があります。
C:\Users\Kee\Works\Myprojects\RayTracing\Weekend1\rectangle.h(105,22): warning C4244: '=': 'double' から 'float' への変換です。データが失われる可能性があります。
C:\Users\Kee\Works\Myprojects\RayTracing\Weekend1\rectangle.h(106,22): warning C4244: '=': 'double' から 'float' への変換です。データが失われる可能性があります。
C:\Users\Kee\Works\Myprojects\RayTracing\Weekend1\rectangle.h(126,22): warning C4244: '=': 'double' から 'float' への変換です。データが失われる可能性があります。
C:\Users\Kee\Works\Myprojects\RayTracing\Weekend1\rectangle.h(127,22): warning C4244: '=': 'double' から 'float' への変換です。データが失われる可能性があります。
C:\Users\Kee\Works\Myprojects\RayTracing\Weekend1\rectangle.h(147,22): warning C4244: '=': 'double' から 'float' への変換です。データが失われる可能性があります。
C:\Users\Kee\Works\Myprojects\RayTracing\Weekend1\rectangle.h(148,22): warning C4244: '=': 'double' から 'float' への変換です。データが失われる可能性があります。
C:\Users\Kee\Works\Myprojects\RayTracing\Weekend1\moving_sphere.h(43,41): warning C4244: '引数': 'double' から 'float' への変換です。データが失われる可能性があります。
C:\Users\Kee\Works\Myprojects\RayTracing\Weekend1\moving_sphere.h(63,49): warning C4244: '引数': 'double' から 'float' への変換です。データが失われる可能性があります。
C:\Users\Kee\Works\Myprojects\RayTracing\Weekend1\camera.h(37,21): warning C4244: '初期化中': 'double' から 'float' への変換です。データが失われる可能性があります。
C:\Users\Kee\Works\Myprojects\RayTracing\Weekend1\camera.h(39,19): warning C4244: '初期化中': 'double' から 'float' への変換です。データが失われる可能性があります。
C:\Users\Kee\Works\Myprojects\RayTracing\Weekend1\camera.h(64,20): warning C4244: '初期化中': 'double' から 'float' への変換です。データが失われる可能性があります。
C:\Users\Kee\Works\Myprojects\RayTracing\Weekend1\main.cpp(32,13): warning C4244: '初期化中': 'double' から 'float' への変換です。データが失われる可能性があります。
C:\Users\Kee\Works\Myprojects\RayTracing\Weekend1\main.cpp(33,13): warning C4244: '初期化中': 'double' から 'float' への変換です。データが失われる可能性があります。
C:\Users\Kee\Works\Myprojects\RayTracing\Weekend1\main.cpp(34,13): warning C4244: '初期化中': 'double' から 'float' への変換です。データが失われる可能性があります。
C:\Users\Kee\Works\Myprojects\RayTracing\Weekend1\main.cpp(40,42): warning C4244: 'return': 'double' から 'float' への変換です。データが失われる可能性があります。
C:\Users\Kee\Works\Myprojects\RayTracing\Weekend1\main.cpp(58,19): warning C4101: 'pdf': ローカル変数は 1 度も使われていません。
C:\Users\Kee\Works\Myprojects\RayTracing\Weekend1\main.cpp(134,47): warning C4305: '引数': 'double' から 'float' へ切り詰めます。
C:\Users\Kee\Works\Myprojects\RayTracing\Weekend1\hittable_list.h(71): warning C4715: 'hittable_list::bounding_box': 値を返さないコントロール パスがあります。
  Weekend1.vcxproj -> C:\Users\Kee\Works\Myprojects\RayTracing\Weekend1\Debug\Weekend1.exe
